<?xml version="1.0" encoding="UTF-8"?>
<!-- Generated by org.testng.reporters.JUnitReportReporter -->
<testsuite hostname="LAPTOP-FI4TLSJP" failures="0" tests="1" name="com.runner.Parameter_Test" time="7.606" errors="0" timestamp="2024-11-22T07:58:13 IST" skipped="0">
  <testcase classname="com.runner.Parameter_Test" name="login" time="7.606"/>
  <system-out/>
</testsuite> <!-- com.runner.Parameter_Test -->
