<?xml version="1.0" encoding="UTF-8"?>
<!-- Generated by org.testng.reporters.JUnitReportReporter -->
<testsuite hostname="LAPTOP-FI4TLSJP" failures="0" tests="1" name="com.runner.Openmrs_Runner" time="5.396" errors="0" timestamp="2024-11-22T12:05:00 IST" skipped="0">
  <testcase classname="com.runner.Openmrs_Runner" name="validLoginTest" time="5.396"/>
  <system-out/>
</testsuite> <!-- com.runner.Openmrs_Runner -->
