<?xml version="1.0" encoding="UTF-8"?>
<!-- Generated by org.testng.reporters.JUnitReportReporter -->
<testsuite hostname="LAPTOP-FI4TLSJP" failures="0" tests="1" name="com.runner.Itest" time="0.029" errors="0" timestamp="2024-11-22T08:01:02 IST" skipped="0">
  <testcase classname="com.runner.Itest" name="test" time="0.029"/>
  <system-out/>
</testsuite> <!-- com.runner.Itest -->
