<?xml version="1.0" encoding="UTF-8"?>
<!-- Generated by org.testng.reporters.JUnitReportReporter -->
<testsuite hostname="LAPTOP-FI4TLSJP" failures="0" tests="4" name="com.runner.DataproviderTest" time="23.122" errors="0" timestamp="2024-11-22T07:24:47 IST" skipped="0">
  <testcase classname="com.runner.DataproviderTest" name="login" time="5.768"/>
  <system-out/>
  <testcase classname="com.runner.DataproviderTest" name="login" time="7.025"/>
  <system-out/>
  <testcase classname="com.runner.DataproviderTest" name="login" time="4.647"/>
  <system-out/>
  <testcase classname="com.runner.DataproviderTest" name="login" time="5.682"/>
  <system-out/>
</testsuite> <!-- com.runner.DataproviderTest -->
